d:\mark\desktop\dx_terrain\debug\vc140.pdb
d:\mark\desktop\dx_terrain\debug\vc140.idb
d:\mark\desktop\dx_terrain\debug\voxelterrain.obj
d:\mark\desktop\dx_terrain\debug\terraincolour.obj
d:\mark\desktop\dx_terrain\debug\terrainclass.obj
d:\mark\desktop\dx_terrain\debug\objloader.obj
d:\mark\desktop\dx_terrain\debug\gameobject.obj
d:\mark\desktop\dx_terrain\debug\imgui_impl_dx11.obj
d:\mark\desktop\dx_terrain\debug\imgui_draw.obj
d:\mark\desktop\dx_terrain\debug\imgui_demo.obj
d:\mark\desktop\dx_terrain\debug\imgui.obj
d:\mark\desktop\dx_terrain\debug\ddstextureloader.obj
d:\mark\desktop\dx_terrain\debug\camera.obj
d:\mark\desktop\dx_terrain\debug\application.obj
c:\users\mark\desktop\dx_terrain_fix\debug\vc140.pdb
c:\users\mark\desktop\dx_terrain_fix\debug\vc140.idb
c:\users\mark\desktop\dx_terrain_fix\debug\terraincolour.obj
c:\users\mark\desktop\dx_terrain_fix\debug\terrainclass.obj
c:\users\mark\desktop\dx_terrain_fix\debug\objloader.obj
c:\users\mark\desktop\dx_terrain_fix\debug\gameobject.obj
c:\users\mark\desktop\dx_terrain_fix\debug\imgui_impl_dx11.obj
c:\users\mark\desktop\dx_terrain_fix\debug\imgui_draw.obj
c:\users\mark\desktop\dx_terrain_fix\debug\imgui_demo.obj
c:\users\mark\desktop\dx_terrain_fix\debug\imgui.obj
c:\users\mark\desktop\dx_terrain_fix\debug\ddstextureloader.obj
c:\users\mark\desktop\dx_terrain_fix\debug\camera.obj
d:\mark\desktop\dx_terrain\debug\dx11 framework.cso
d:\mark\desktop\dx_terrain\debug\terrain.cso
c:\users\mark\desktop\dx_terrain_fix\debug\dx11 framework.cso
c:\users\mark\desktop\dx_terrain_fix\debug\terrain.cso
c:\users\mark\desktop\dx_terrain_fix\debug\voxelterrain.obj
c:\users\mark\desktop\dx_terrain_fix\debug\dx11 framework.tlog\cl.command.1.tlog
c:\users\mark\desktop\dx_terrain_fix\debug\dx11 framework.tlog\cl.read.1.tlog
c:\users\mark\desktop\dx_terrain_fix\debug\dx11 framework.tlog\cl.write.1.tlog
c:\users\mark\desktop\dx_terrain_fix\debug\dx11 framework.tlog\dx11 framework.write.1u.tlog
